app/proguard-rules.pro
# Add project specific ProGuard rules here.
# You can control the set of applied configuration files using the
# proguardFiles setting in build.gradle.
#
# For more details, see
#   http://developer.android.com/guide/developing/tools/proguard.html

# If your project uses WebView with JS, uncomment the following
# and specify the fully qualified class name to the JavaScript interface
# class:
#-keepclassmembers class fqcn.of.javascript.interface.for.webview {
#   public *;
#}

# Uncomment this to preserve the line number information for
# debugging stack traces.
#-keepattributes SourceFile,LineNumberTable

# If you keep the line number information, uncomment this to
# hide the original source file name.
#-renamesourcefileattribute SourceFile
#############################################
#
# 对于一些基本指令的添加
#
#############################################
-optimizationpasses 5                                               # 代码混淆压缩比，在0~7之间，默认为5，一般不做修改
-dontusemixedcaseclassnames                                         # 混合时不使用大小写混合，混合后的类名为小写
-dontskipnonpubliclibraryclasses                                    # 指定不去忽略非公共库的类
-dontskipnonpubliclibraryclassmembers                               # 指定不去忽略非公共库的类成员
-dontpreverify                                                      # 不做预校验，preverify是proguard的四个步骤之一，Android不需要preverify，去掉这一步能够加快混淆速度。
-verbose                                                            # 这句话能够使我们的项目混淆后产生映射文件,包含有类名->混淆后类名的映射关系
-dump class_files.txt                                               #apk 包内所有 class 的内部结构
-printseeds seeds.txt                                               #未混淆的类和成员
-printusage unused.txt                                              #列出从 apk 中删除的代码
-optimizations !code/simplification/cast,!field/*,!class/merging/*  # 指定混淆是采用的算法，后面的参数是一个过滤器,这个过滤器是谷歌推荐的算法，一般不做更改
-keepattributes *Annotation*,InnerClasses                           # 保留Annotation不混淆
-keepattributes Signature                                           # 避免混淆泛型
-keepattributes SourceFile,LineNumberTable                          # 抛出异常时保留代码行号
-ignorewarnings                                                     # 忽略警告，避免打包时某些警告出现
#############################################
#
# Android开发中一些需要保留的公共部分
#
#############################################

# 保留我们使用的四大组件，自定义的Application等等这些类不被混淆
# 因为这些子类都有可能被外部调用
-keep public class * extends android.app.Activity
-keep public class * extends android.app.Appliction
-keep public class * extends android.app.Service
-keep public class * extends android.content.BroadcastReceiver
-keep public class * extends android.content.ContentProvider
-keep public class * extends android.app.backup.BackupAgentHelper
-keep public class * extends android.preference.Preference
-keep public class * extends android.view.View
-keep public class com.android.vending.licensing.ILicensingService


# 保留support下的所有类及其内部类
-keep class android.support.** {*;}

# 保留继承的
-keep public class * extends android.support.v7.**
-keep public class * extends android.support.annotation.**

# 保留R下面的资源
-keep class **.R$* {*;}

# 保留本地native方法不被混淆
-keepclasseswithmembernames class * {
    native <methods>;
}

# 保留在Activity中的方法参数是view的方法，
# 这样以来我们在layout中写的onClick就不会被影响
-keepclassmembers class * extends android.app.Activity{
    public void *(android.view.View);
}

# 保留枚举类不被混淆
-keepclassmembers enum * {
    public static **[] values();
    public static ** valueOf(java.lang.String);
}

# 保留我们自定义控件（继承自View）不被混淆
-keep public class * extends android.view.View{
    *** get*();
    void set*(***);
    public <init>(android.content.Context);
    public <init>(android.content.Context, android.util.AttributeSet);
    public <init>(android.content.Context, android.util.AttributeSet, int);
}

# 保留Parcelable序列化类不被混淆
-keep class * implements android.os.Parcelable {
    public static final android.os.Parcelable$Creator *;
}

# 保留Serializable序列化的类不被混淆
-keepclassmembers class * implements java.io.Serializable {
    static final long serialVersionUID;
    private static final java.io.ObjectStreamField[] serialPersistentFields;
    !static !transient <fields>;
    !private <fields>;
    !private <methods>;
    private void writeObject(java.io.ObjectOutputStream);
    private void readObject(java.io.ObjectInputStream);
    java.lang.Object writeReplace();
    java.lang.Object readResolve();
}

# 对于带有回调函数的onXXEvent、**On*Listener的，不能被混淆
-keepclassmembers class * {
    void *(**On*Event);
    void *(**On*Listener);
}

# webView处理，项目中没有使用到webView忽略即可
-keepclassmembers class fqcn.of.javascript.interface.for.webview {
    public *;
}
-keepclassmembers class * extends android.webkit.webViewClient {
    public void *(android.webkit.WebView, java.lang.String, android.graphics.Bitmap);
    public boolean *(android.webkit.WebView, java.lang.String);
}
-keepclassmembers class * extends android.webkit.webViewClient {
    public void *(android.webkit.webView, jav.lang.String);
}

#不需要混淆第三方类库

#V4Fragment专用##########################################################################################
-dontwarn android.support.v4.**                                             #去掉警告
-keep class android.support.v4.** { *; }                                    #过滤android.support.v4
-keep interface android.support.v4.app.** { *; }
-keep public class * extends android.support.v4.**
-keep public class * extends android.app.Fragment

#jar包部分################################################################################################


#builde引入的第三方库#########################################################################################
#Bugly
-dontwarn com.tencent.bugly.**
-keep public class com.tencent.bugly.**{*;}
# tinker混淆规则
-dontwarn com.tencent.tinker.**
-keep class com.tencent.tinker.** { *; }

#EventBus
-keepattributes *Annotation*
-keepclassmembers class ** {
    @org.greenrobot.eventbus.Subscribe <methods>;
}
-keep enum org.greenrobot.eventbus.ThreadMode { *; }
# Only required if you use AsyncExecutor
-keepclassmembers class * extends org.greenrobot.eventbus.util.ThrowableFailureEvent {
    <init>(java.lang.Throwable);
}

#Gson
-keepattributes Signature
-keepattributes *Annotation*
-keep class sun.misc.Unsafe { *; }
-keep class com.google.gson.stream.** { *; }
-keep class com.google.gson.examples.android.model.** { *; }
-keep class com.google.gson.* { *;}
-dontwarn com.google.gson.**

#okhttp
-dontwarn okhttp3.**
-keep class okhttp3.**{*;}
#okio
-dontwarn okio.**
-keep class okio.**{*;}

#自己编写的#########################################################################################
#过滤掉自己编写的自定义View


#过滤掉自己编写的实体类

# app端临时实体类


# app端实体类


# app端EventBus实体类


#app内部类


#关闭log输出
-assumenosideeffects class android.util.Log {
    public static *** v(...);
    public static *** d(...);
    public static *** i(...);
    public static *** w(...);
    public static *** e(...);
}