app/seeds.txt
com.ming.voicetime.R$drawable: int abc_btn_colored_material
com.ming.voicetime.R$styleable: int[] ActionMenuItemView
com.ming.voicetime.R$dimen: int design_snackbar_elevation
com.ming.voicetime.R$styleable: int ActionBar_contentInsetEnd
com.ming.voicetime.R$attr: int buttonIconDimen
com.ming.voicetime.R$attr: int boxBackgroundColor
com.ming.voicetime.R$drawable: int mtrl_tabs_default_indicator
com.ming.voicetime.R$styleable: int MaterialComponentsTheme_textAppearanceHeadline5
com.ming.voicetime.R$styleable: int FontFamily_fontProviderAuthority
com.ming.voicetime.R$id: int SHIFT
com.ming.voicetime.R$dimen: int abc_edit_text_inset_horizontal_material
com.ming.voicetime.R$color: int mtrl_bottom_nav_item_tint
com.ming.voicetime.R$attr: int dividerVertical
com.ming.voicetime.R$styleable: int ActionBar_divider
com.ming.voicetime.R$styleable: int[] ConstraintLayout_placeholder
com.ming.voicetime.R$style: int Base_V21_ThemeOverlay_AppCompat_Dialog
com.ming.voicetime.R$styleable: int AlertDialog_android_layout
com.ming.voicetime.R$styleable: int AppCompatTheme_tooltipFrameBackground
com.ming.voicetime.R$attr: int backgroundStacked
com.ming.voicetime.R$styleable: int FloatingActionButton_maxImageSize
com.ming.voicetime.R$styleable: int Chip_chipCornerRadius
com.ming.voicetime.R$mipmap: int ic_launcher
com.ming.voicetime.R$attr: int singleChoiceItemLayout
com.ming.voicetime.R$styleable: int TextInputLayout_boxCornerRadiusBottomStart
com.ming.voicetime.R$string: int abc_menu_space_shortcut_label
com.ming.voicetime.R$dimen: int abc_switch_padding
com.ming.voicetime.R$styleable: int ConstraintLayout_Layout_layout_constraintGuide_percent
com.ming.voicetime.R$anim: int abc_fade_out
com.ming.voicetime.R$styleable: int ConstraintSet_android_layout_marginStart
com.ming.voicetime.R$styleable: int SwitchCompat_switchPadding
com.ming.voicetime.R$attr: int state_collapsed
com.ming.voicetime.R$styleable: int AppCompatTheme_actionBarStyle
com.ming.voicetime.R$styleable: int AppCompatTheme_buttonBarButtonStyle
com.ming.voicetime.R$attr: int tabUnboundedRipple
com.ming.voicetime.R$drawable: int abc_ratingbar_small_material
com.ming.voicetime.R$styleable: int ConstraintSet_android_rotationY
com.ming.voicetime.R$attr: int actionModeCloseDrawable
com.ming.voicetime.R$string: int abc_searchview_description_search
com.ming.voicetime.R$attr: int fabCradleRoundedCornerRadius
com.ming.voicetime.R$attr: int bottomNavigationStyle
com.ming.voicetime.R$styleable: int AppCompatTheme_colorError
com.ming.voicetime.R$dimen: int abc_control_inset_material
com.ming.voicetime.R$anim: int abc_slide_in_top
com.ming.voicetime.R$style: int TextAppearance_MaterialComponents_Headline5
com.ming.voicetime.R$style: int TextAppearance_MaterialComponents_Overline
com.ming.voicetime.R$dimen: int design_tab_scrollable_min_width
com.ming.voicetime.R$style: int Base_Widget_AppCompat_ProgressBar
com.ming.voicetime.R$attr: int textStartPadding
com.ming.voicetime.R$styleable: int FontFamilyFont_fontWeight
com.ming.voicetime.R$styleable: int MaterialComponentsTheme_navigationViewStyle
com.ming.voicetime.R$string: int abc_action_bar_up_description
com.ming.voicetime.R$style: int Base_V22_Theme_AppCompat
com.ming.voicetime.R$attr: int layout_constraintStart_toEndOf
com.ming.voicetime.R$drawable: int abc_btn_check_material
com.ming.voicetime.R$style: int Base_Widget_AppCompat_Light_ActionBar
com.ming.voicetime.R$styleable: int AppCompatTheme_popupWindowStyle
com.ming.voicetime.R$style: int TextAppearance_AppCompat_Button
com.ming.voicetime.R$styleable: int MenuItem_android_menuCategory
com.ming.voicetime.R$dimen: int mtrl_btn_padding_right
com.ming.voicetime.R$styleable: int FontFamilyFont_android_ttcIndex
com.ming.voicetime.R$layout: int activity_main
com.ming.voicetime.R$attr: int layout_constraintWidth_min
com.ming.voicetime.R$style: int TextAppearance_AppCompat_Light_Widget_PopupMenu_Small
com.ming.voicetime.R$id: R$id()
...
android.support.v4.view.accessibility.AccessibilityNodeInfoCompat: boolean isShowingHintText()
android.support.v4.app.FragmentManagerImpl$AnimationOrAnimator: FragmentManagerImpl$AnimationOrAnimator(android.animation.Animator)
android.support.v4.widget.ViewDragHelper: boolean isValidPointerForActionMove(int)
android.support.v4.content.res.FontResourcesParserCompat$FontFileResourceEntry: int mResourceId
android.support.v4.widget.DrawerLayout: void setStatusBarBackground(int)
com.tencent.bugly.proguard.bm
android.support.v7.appcompat.R$drawable: int abc_ic_star_black_48dp
android.support.v4.app.NotificationCompatJellybean: boolean sActionsAccessFailed
android.support.v7.widget.Toolbar: void setTitle(int)
android.support.v7.app.AppCompatDelegateImpl$PanelFeatureState$SavedState: android.os.Parcelable$Creator CREATOR
android.support.v4.internal.view.SupportMenuItem: void setShowAsAction(int)
android.support.v4.view.ViewPager: void setCurrentItem(int,boolean)
android.support.v4.view.ViewPager: void dispatchOnPageScrolled(int,float,int)
android.support.v7.widget.FastScroller: int[] PRESSED_STATE_SET
android.support.v4.app.JobIntentService$CompatJobEngine: android.support.v4.app.JobIntentService$GenericWorkItem dequeueWork()
android.support.v7.widget.DecorToolbar: void setNavigationMode(int)
android.support.graphics.drawable.VectorDrawableCompat$VectorDrawableDelegateState
android.support.v4.provider.TreeDocumentFile: android.support.v4.provider.DocumentFile[] listFiles()
android.support.constraint.solver.widgets.ConstraintAnchor: int mGoneMargin
android.support.v7.widget.RecyclerView$ViewFlinger: void stop()
android.support.design.R$styleable: int ThemeEnforcement_enforceTextAppearance
android.support.design.R$string: int abc_font_family_display_1_material
android.support.transition.Transition: android.support.transition.Transition setInterpolator(android.animation.TimeInterpolator)
android.support.v7.recyclerview.R$styleable: int CoordinatorLayout_statusBarBackground
android.support.v4.internal.view.SupportMenuItem: android.view.MenuItem setShowAsActionFlags(int)
com.tencent.bugly.proguard.aq: byte[] a(int,byte[],byte[])
android.support.v7.util.MessageThreadUtil$2: void maybeExecuteBackgroundRunnable()
android.support.design.bottomappbar.BottomAppBar: void createCradleShapeAnimation(boolean,java.util.List)
android.support.v7.widget.ActionBarContextView: void animateToVisibility(int)
android.support.v4.view.ViewCompat: void setChildrenDrawingOrderEnabled(android.view.ViewGroup,boolean)
android.support.v4.app.ShareCompat$IntentBuilder: android.support.v4.app.ShareCompat$IntentBuilder setText(java.lang.CharSequence)
android.support.v4.view.accessibility.AccessibilityNodeInfoCompat: void setCollectionInfo(java.lang.Object)
android.support.design.widget.CoordinatorLayout$SavedState: android.util.SparseArray behaviorStates
android.support.v7.appcompat.R$styleable: int ActionBar_contentInsetEnd
com.tencent.bugly.crashreport.crash.anr.TraceFileHelper: java.lang.String b(java.io.BufferedReader)
android.support.transition.ChangeScroll: java.lang.String PROPNAME_SCROLL_Y
android.support.v7.app.AppCompatViewInflater: void verifyNotNull(android.view.View,java.lang.String)
android.support.design.internal.TextScale: void captureValues(android.support.transition.TransitionValues)
com.tencent.bugly.crashreport.biz.b: int g
android.support.v4.app.FragmentManagerImpl: boolean mStopped
android.support.v7.widget.SwitchCompat: void setSwitchPadding(int)
android.support.design.R$attr: int tooltipText
android.support.v7.widget.ViewStubCompat: ViewStubCompat(android.content.Context,android.util.AttributeSet,int)
android.support.v7.widget.ActionMenuView$ActionMenuPresenterCallback
com.tencent.bugly.beta.global.ResBean: java.lang.String d
android.support.constraint.ConstraintSet: int GONE_TOP_MARGIN
android.support.constraint.solver.widgets.ConstraintWidget: void setRelativePositioning(int,int)