app/unused.txt
com.ming.voicetime.BuildConfig
com.ming.voicetime.view.SmartisanTime
    private int startMeasure(int)
    private static final int DIAL_BG
    private static final int RING_BG
    private static final int TEXT_COLOR
    private static final int HOUR_MINUTE_COLOR
    private static final int SECOND_COLOR
    private static final int MIN_SIZE
    private static final int HOUR_MINUTE_WIDTH
    private static final int SECOND_WIDTH
    private static final int DEGREE
com.ming.voicetime.util.TextToSpeechUtil
    private static final java.lang.String TAG
com.ming.voicetime.util.SpUtil
    public void <init>()
    public static final java.lang.String SP_FILE_NAME
    public static final java.lang.String SP_SAVE_TIME_KEY
com.ming.voicetime.R
com.ming.voicetime.permissions.PermissionHelper
    public void <init>()
    private boolean checkRecordAudioPermission(android.app.Activity)
    private boolean checkCameraPermission(android.app.Activity)
    private boolean checkLocationPermission(android.app.Activity)
    public boolean checkRecordAudio(android.app.Activity)
    public boolean checkCamera(android.app.Activity)
    public boolean checkLocation(android.app.Activity)
    public boolean hasOnePermission(android.content.Context,java.lang.String)
com.ming.voicetime.util.VersionUtil
    public void <init>()
com.ming.voicetime.util.TimeDateUtil
    public void <init>()
    public static final java.lang.String ymd
    public static final java.lang.String hm
    public static final long ONE_MINTER
com.ming.voicetime.permissions.PermissionsUtil
    public boolean checkRecordAudioPermission(android.app.Activity)
    public void requestForRecordAudioPermission(android.app.Activity)
    public boolean checkCameraPermission(android.app.Activity)
    public void requestForCameraPermission(android.app.Activity)
    public boolean checkLocationPermission(android.app.Activity)
    public void requestForLocationPermission(android.app.Activity)
    public boolean hasOnePermission(android.content.Context,java.lang.String)
    public static final int WRITE_EXTERNAL_STORAGE_PERMISSION_REQUEST_CODE
    public static final int READ_EXTERNAL_STORAGE_PERMISSION_REQUEST_CODE
    public static final int RECORD_AUDIO_PERMISSION_REQUEST_CODE
    public static final int CAMERA_PERMISSION_REQUEST_CODE
    public static final int LOCATION_PERMISSION_REQUEST_CODE
    public static final int ACTION_APPLICATION_DETAILS_SETTINGS_REQUEST_CODE
...
androidx.versionedparcelable.ParcelUtils
com.google.android.material.internal.package-info
android.arch.lifecycle.Transformations$2$1
androidx.versionedparcelable.VersionedParcelParcel
    public void writeByteArray(byte[],int,int)
    public void writeLong(long)
    public void writeFloat(float)
    public void writeDouble(double)
    public void writeStrongBinder(android.os.IBinder)
    public void writeBoolean(boolean)
    public void writeStrongInterface(android.os.IInterface)
    public void writeBundle(android.os.Bundle)
    public long readLong()
    public float readFloat()
    public double readDouble()
    public android.os.IBinder readStrongBinder()
    public android.os.Bundle readBundle()
    public boolean readBoolean()
    private static final boolean DEBUG
    private static final java.lang.String TAG
android.arch.lifecycle.livedata.R
android.arch.lifecycle.MediatorLiveData$Source
android.arch.lifecycle.ViewModelProvider
    public void <init>(android.arch.lifecycle.ViewModelStoreOwner,android.arch.lifecycle.ViewModelProvider$Factory)
    private static final java.lang.String DEFAULT_KEY
android.arch.lifecycle.Transformations
android.arch.lifecycle.ViewModelProvider$NewInstanceFactory
android.arch.lifecycle.ViewModelProvider$AndroidViewModelFactory
android.arch.lifecycle.ComputableLiveData$3
android.arch.lifecycle.R
androidx.core.internal.package-info
android.arch.lifecycle.ComputableLiveData
androidx.versionedparcelable.R
android.arch.core.executor.TaskExecutor
    public void executeOnMainThread(java.lang.Runnable)
androidx.versionedparcelable.ParcelField
android.arch.core.util.Function
android.arch.lifecycle.MediatorLiveData
android.arch.lifecycle.ComputableLiveData$2
android.arch.lifecycle.AndroidViewModel
    public void <init>(android.app.Application)
    public android.app.Application getApplication()
    private android.app.Application mApplication
android.arch.lifecycle.Transformations$2
android.arch.lifecycle.Lifecycling
    public void <init>()
    private static final int REFLECTIVE_CALLBACK
    private static final int GENERATED_CALLBACK
androidx.versionedparcelable.VersionedParcel$ParcelException
androidx.versionedparcelable.VersionedParcelStream
androidx.versionedparcelable.VersionedParcelStream$InputBuffer
android.arch.core.executor.ArchTaskExecutor
    public static java.util.concurrent.Executor getMainThreadExecutor()
    public static java.util.concurrent.Executor getIOThreadExecutor()
    public void setDelegate(android.arch.core.executor.TaskExecutor)
android.arch.lifecycle.ReportFragment
    static android.arch.lifecycle.ReportFragment get(android.app.Activity)
    void setProcessListener(android.arch.lifecycle.ReportFragment$ActivityInitializationListener)
    private static final java.lang.String REPORT_FRAGMENT_TAG
android.arch.lifecycle.MethodCallsLogger
    public boolean approveCall(java.lang.String,int)
androidx.versionedparcelable.ParcelImpl
    public void <init>(androidx.versionedparcelable.VersionedParcelable)
    public androidx.versionedparcelable.VersionedParcelable getVersionedParcel()
androidx.versionedparcelable.VersionedParcelStream$FieldBuffer
android.arch.lifecycle.LifecycleRegistry
    public int getObserverCount()
    private static final java.lang.String LOG_TAG
android.arch.lifecycle.viewmodel.R
android.arch.lifecycle.ComputableLiveData$1
android.arch.lifecycle.livedata.core.R
androidx.versionedparcelable.VersionedParcel$1
android.arch.lifecycle.Transformations$1
androidx.versionedparcelable.NonParcelField
android.arch.core.R
androidx.versionedparcelable.VersionedParcelize
android.arch.lifecycle.ClassesInfoCache
    private static final int CALL_TYPE_NO_ARG
    private static final int CALL_TYPE_PROVIDER
    private static final int CALL_TYPE_PROVIDER_WITH_EVENT